#
# There is insufficient memory for the Java Runtime Environment to continue.
# Native memory allocation (mmap) failed to map 130023424 bytes for Failed to commit area from 0x0000000085000000 to 0x000000008cc00000 of length 130023424.
# Possible reasons:
#   The system is out of physical RAM or swap space
#   The process is running with CompressedOops enabled, and the Java Heap may be blocking the growth of the native heap
# Possible solutions:
#   Reduce memory load on the system
#   Increase physical memory or swap space
#   Check if swap backing store is full
#   Decrease Java heap size (-Xmx/-Xms)
#   Decrease number of Java threads
#   Decrease Java thread stack sizes (-Xss)
#   Set larger code cache with -XX:ReservedCodeCacheSize=
# This output file may be truncated or incomplete.
#
#  Out of Memory Error (t:/workspace/open/src/hotspot/os/windows/os_windows.cpp:3269), pid=10476, tid=18388
#
# JRE version:  (11.0.2+9) (build )
# Java VM: OpenJDK 64-Bit Server VM (11.0.2+9, mixed mode, aot, sharing, tiered, compressed oops, g1 gc, windows-amd64)
# No core dump will be written. Minidumps are not enabled by default on client versions of Windows
#

---------------  S U M M A R Y ------------

Command Line: -ea -agentlib:jdwp=transport=dt_socket,address=127.0.0.1:58170 -Dfile.encoding=UTF-8 bluej.runtime.ExecServer UTF-8

Host: Intel(R) Core(TM) i5-3427U CPU @ 1.80GHz, 4 cores, 7G,  Windows 10 , 64 bit Build 18362 (10.0.18362.1082)
Time: Wed Oct  7 21:58:49 2020 Mitteleuropäische Sommerzeit elapsed time: 0 seconds (0d 0h 0m 0s)

---------------  T H R E A D  ---------------

Current thread (0x000001d4b7f05800):  JavaThread "Unknown thread" [_thread_in_vm, id=18388, stack(0x00000049efe00000,0x00000049eff00000)]

Stack: [0x00000049efe00000,0x00000049eff00000]
Native frames: (J=compiled Java code, j=interpreted, Vv=VM code, C=native code)
V  [jvm.dll+0x63489a]
V  [jvm.dll+0x771f9f]
V  [jvm.dll+0x773648]
V  [jvm.dll+0x773d03]
V  [jvm.dll+0x25eba8]
V  [jvm.dll+0x631d3a]
V  [jvm.dll+0x626775]
V  [jvm.dll+0x313ffc]
V  [jvm.dll+0x313e82]
V  [jvm.dll+0x3196e6]
V  [jvm.dll+0x36579f]
V  [jvm.dll+0x3651c0]
V  [jvm.dll+0x2f0ff8]
V  [jvm.dll+0x2f2156]
V  [jvm.dll+0x74b4f7]
V  [jvm.dll+0x74cc3f]
V  [jvm.dll+0x372609]
V  [jvm.dll+0x731b69]
V  [jvm.dll+0x3e1bad]
V  [jvm.dll+0x3e3e81]
C  [java.exe+0x3607]
C  [java.exe+0x1746c]
C  [KERNEL32.DLL+0x17bd4]
C  [ntdll.dll+0x6ce51]


---------------  P R O C E S S  ---------------

Threads class SMR info:
_java_thread_list=0x000001d4b6568b70, length=0, elements={
}

Java Threads: ( => current thread )

Other Threads:
  0x000001d4b7f1d000 GCTaskThread "GC Thread#0" [stack: 0x00000049eff00000,0x00000049f0000000] [id=23500]
  0x000001d4b7f4c000 ConcurrentGCThread "G1 Main Marker" [stack: 0x00000049f0000000,0x00000049f0100000] [id=23184]
  0x000001d4b7f4e000 ConcurrentGCThread "G1 Conc#0" [stack: 0x00000049f0100000,0x00000049f0200000] [id=23916]

[error occurred during error reporting (printing all threads), id 0xc0000005, EXCEPTION_ACCESS_VIOLATION (0xc0000005) at pc=0x00007ffb4177f5b7]

VM state:not at safepoint (not fully initialized)

VM Mutex/Monitor currently owned by a thread:  ([mutex/lock_event])
[0x000001d4b7f03ab0] Heap_lock - owner thread: 0x000001d4b7f05800

Heap address: 0x0000000085000000, size: 1968 MB, Compressed Oops mode: Non-zero based: 0x0000000085000000
Narrow klass base: 0x0000000000000000, Narrow klass shift: 0

GC Heap History (0 events):
No events

Deoptimization events (0 events):
No events

Classes redefined (0 events):
No events

Internal exceptions (0 events):
No events

Events (0 events):
No events


Dynamic libraries:
0x00007ff7031b0000 - 0x00007ff7031f5000 	C:\Program Files\BlueJ\jdk\bin\java.exe
0x00007ffb888c0000 - 0x00007ffb88ab0000 	C:\WINDOWS\SYSTEM32\ntdll.dll
0x00007ffb88130000 - 0x00007ffb881e2000 	C:\WINDOWS\System32\KERNEL32.DLL
0x00007ffb851c0000 - 0x00007ffb85465000 	C:\WINDOWS\System32\KERNELBASE.dll
0x00007ffb870e0000 - 0x00007ffb87275000 	C:\WINDOWS\System32\USER32.dll
0x00007ffb85e60000 - 0x00007ffb85e81000 	C:\WINDOWS\System32\win32u.dll
0x00007ffb874e0000 - 0x00007ffb87506000 	C:\WINDOWS\System32\GDI32.dll
0x00007ffb84ec0000 - 0x00007ffb85056000 	C:\WINDOWS\System32\gdi32full.dll
0x00007ffb85f40000 - 0x00007ffb85fde000 	C:\WINDOWS\System32\msvcp_win.dll
0x00007ffb85c10000 - 0x00007ffb85d0a000 	C:\WINDOWS\System32\ucrtbase.dll
0x00007ffb74aa0000 - 0x00007ffb74d24000 	C:\WINDOWS\WinSxS\amd64_microsoft.windows.common-controls_6595b64144ccf1df_6.0.18362.1082_none_9e8193e1e45b25c1\COMCTL32.dll
0x00007ffb868b0000 - 0x00007ffb8694e000 	C:\WINDOWS\System32\msvcrt.dll
0x00007ffb86a70000 - 0x00007ffb86da5000 	C:\WINDOWS\System32\combase.dll
0x00007ffb876c0000 - 0x00007ffb877e0000 	C:\WINDOWS\System32\RPCRT4.dll
0x00007ffb85060000 - 0x00007ffb850e0000 	C:\WINDOWS\System32\bcryptPrimitives.dll
0x00007ffb874b0000 - 0x00007ffb874de000 	C:\WINDOWS\System32\IMM32.DLL
0x00007ffb70e80000 - 0x00007ffb70e96000 	C:\Program Files\BlueJ\jdk\bin\vcruntime140.dll
0x00007ffb58bf0000 - 0x00007ffb58c9a000 	C:\Program Files\BlueJ\jdk\bin\msvcp140.dll
0x00007ffb41480000 - 0x00007ffb41fa3000 	C:\Program Files\BlueJ\jdk\bin\server\jvm.dll
0x00007ffb86950000 - 0x00007ffb869f3000 	C:\WINDOWS\System32\ADVAPI32.dll
0x00007ffb87f80000 - 0x00007ffb88017000 	C:\WINDOWS\System32\sechost.dll
0x00007ffb87f00000 - 0x00007ffb87f08000 	C:\WINDOWS\System32\PSAPI.DLL
0x00007ffb72bb0000 - 0x00007ffb72bb9000 	C:\WINDOWS\SYSTEM32\WSOCK32.dll
0x00007ffb86a00000 - 0x00007ffb86a6f000 	C:\WINDOWS\System32\WS2_32.dll
0x00007ffb824d0000 - 0x00007ffb824f4000 	C:\WINDOWS\SYSTEM32\WINMM.dll
0x00007ffb81170000 - 0x00007ffb8117a000 	C:\WINDOWS\SYSTEM32\VERSION.dll
0x00007ffb824a0000 - 0x00007ffb824cd000 	C:\WINDOWS\SYSTEM32\WINMMBASE.dll
0x00007ffb850e0000 - 0x00007ffb8512a000 	C:\WINDOWS\System32\cfgmgr32.dll
0x00007ffb84e00000 - 0x00007ffb84e11000 	C:\WINDOWS\System32\kernel.appcore.dll
0x00007ffb70db0000 - 0x00007ffb70dc1000 	C:\Program Files\BlueJ\jdk\bin\verify.dll
0x00007ffb6f610000 - 0x00007ffb6f804000 	C:\WINDOWS\SYSTEM32\DBGHELP.DLL
0x00007ffb6f510000 - 0x00007ffb6f53a000 	C:\WINDOWS\SYSTEM32\dbgcore.DLL
0x00007ffb6f950000 - 0x00007ffb6f978000 	C:\Program Files\BlueJ\jdk\bin\java.dll
0x00007ffb66580000 - 0x00007ffb665b7000 	C:\Program Files\BlueJ\jdk\bin\jdwp.dll
0x00007ffb6f370000 - 0x00007ffb6f386000 	C:\Program Files\BlueJ\jdk\bin\zip.dll
0x00007ffb7e340000 - 0x00007ffb7e34a000 	C:\Program Files\BlueJ\jdk\bin\jimage.dll

dbghelp: loaded successfully - version: 4.0.5 - missing functions: none
symbol engine: initialized successfully - sym options: 0x614 - pdb path: .;C:\Program Files\BlueJ\jdk\bin;C:\WINDOWS\SYSTEM32;C:\WINDOWS\WinSxS\amd64_microsoft.windows.common-controls_6595b64144ccf1df_6.0.18362.1082_none_9e8193e1e45b25c1;C:\Program Files\BlueJ\jdk\bin\server

VM Arguments:
jvm_args: -ea -agentlib:jdwp=transport=dt_socket,address=127.0.0.1:58170 -Dfile.encoding=UTF-8 
java_command: bluej.runtime.ExecServer UTF-8
java_class_path (initial): C:\Program Files\BlueJ\lib\bluejcore.jar;C:\Program Files\BlueJ\lib\junit-4.11.jar;C:\Program Files\BlueJ\lib\hamcrest-core-1.3.jar;C:\Program Files\BlueJ\lib\lang-stride.jar;C:\Program Files\BlueJ\lib\javafx\lib\javafx.base.jar;C:\Program Files\BlueJ\lib\javafx\lib\javafx.controls.jar;C:\Program Files\BlueJ\lib\javafx\lib\javafx.fxml.jar;C:\Program Files\BlueJ\lib\javafx\lib\javafx.graphics.jar;C:\Program Files\BlueJ\lib\javafx\lib\javafx.media.jar;C:\Program Files\BlueJ\lib\javafx\lib\javafx.properties.jar;C:\Program Files\BlueJ\lib\javafx\lib\javafx.swing.jar;C:\Program Files\BlueJ\lib\javafx\lib\javafx.web.jar;C:\Program Files\BlueJ\lib\javafx\lib\javafx.base.jar;C:\Program Files\BlueJ\lib\javafx\lib\javafx.controls.jar;C:\Program Files\BlueJ\lib\javafx\lib\javafx.fxml.jar;C:\Program Files\BlueJ\lib\javafx\lib\javafx.graphics.jar;C:\Program Files\BlueJ\lib\javafx\lib\javafx.media.jar;C:\Program Files\BlueJ\lib\javafx\lib\javafx.properties.jar;C:\Program Files\BlueJ\lib\javafx\lib\javafx.swing.jar;C:\Program Files\BlueJ\lib\javafx\lib\javafx.web.jar
Launcher Type: SUN_STANDARD

[Global flags]
     intx CICompilerCount                          = 3                                         {product} {ergonomic}
     uint ConcGCThreads                            = 1                                         {product} {ergonomic}
     uint G1ConcRefinementThreads                  = 4                                         {product} {ergonomic}
   size_t G1HeapRegionSize                         = 1048576                                   {product} {ergonomic}
    uintx GCDrainStackTargetSize                   = 64                                        {product} {ergonomic}
   size_t InitialHeapSize                          = 130023424                                 {product} {ergonomic}
   size_t MarkStackSize                            = 4194304                                   {product} {ergonomic}
   size_t MaxHeapSize                              = 2063597568                                {product} {ergonomic}
   size_t MinHeapDeltaBytes                        = 1048576                                   {product} {ergonomic}
    uintx NonNMethodCodeHeapSize                   = 5830092                                {pd product} {ergonomic}
    uintx NonProfiledCodeHeapSize                  = 122914074                              {pd product} {ergonomic}
    uintx ProfiledCodeHeapSize                     = 122914074                              {pd product} {ergonomic}
    uintx ReservedCodeCacheSize                    = 251658240                              {pd product} {ergonomic}
     bool SegmentedCodeCache                       = true                                      {product} {ergonomic}
     bool UseCompressedClassPointers               = true                                 {lp64_product} {ergonomic}
     bool UseCompressedOops                        = true                                 {lp64_product} {ergonomic}
     bool UseG1GC                                  = true                                      {product} {ergonomic}
     bool UseLargePagesIndividualAllocation        = false                                  {pd product} {ergonomic}

Logging:
Log output configuration:
 #0: stdout all=warning uptime,level,tags
 #1: stderr all=off uptime,level,tags

Environment Variables:
PATH=C:\PROGRAMDATA\ORACLE\JAVA\JAVAPATH;C:\PROGRAM FILES\COMMON FILES\MICROSOFT SHARED\WINDOWS LIVE;C:\PROGRAM FILES (X86)\COMMON FILES\MICROSOFT SHARED\WINDOWS LIVE;C:\PROGRAM FILES (X86)\INTEL\ICLS CLIENT\;C:\PROGRAM FILES\INTEL\ICLS CLIENT\;C:\WINDOWS\SYSTEM32;C:\WINDOWS;C:\WINDOWS\SYSTEM32\WBEM;C:\WINDOWS\SYSTEM32\WINDOWSPOWERSHELL\V1.0\;C:\PROGRAM FILES\INTEL\INTEL(R) MANAGEMENT ENGINE COMPONENTS\DAL;C:\PROGRAM FILES\INTEL\INTEL(R) MANAGEMENT ENGINE COMPONENTS\IPT;C:\PROGRAM FILES (X86)\INTEL\INTEL(R) MANAGEMENT ENGINE COMPONENTS\DAL;C:\PROGRAM FILES (X86)\INTEL\INTEL(R) MANAGEMENT ENGINE COMPONENTS\IPT;C:\PROGRAM FILES (X86)\INTEL\OPENCL SDK\2.0\BIN\X86;C:\PROGRAM FILES (X86)\INTEL\OPENCL SDK\2.0\BIN\X64;C:\PROGRAM FILES\COMMON FILES\LENOVO;C:\PROGRAM FILES (X86)\WINDOWS LIVE\SHARED;C:\SWTOOLS\READYAPPS;C:\PROGRAM FILES (X86)\COMMON FILES\LENOVO;C:\PROGRAM FILES (X86)\QUICKTIME ALTERNATIVE\QTSYSTEM;C:\PROGRAM FILES (X86)\LENOVO\ACCESS CONNECTIONS\;C:\PROGRAM FILES (X86)\INTEL\OPENCL SDK\3.0\BIN\X86;C:\PROGRAM FILES (X86)\INTEL\OPENCL SDK\3.0\BIN\X64;C:\PROGRAM FILES\INTEL\WIFI\BIN\;C:\PROGRAM FILES\COMMON FILES\INTEL\WIRELESSCOMMON\;C:\WINDOWS\system32;C:\WINDOWS;C:\WINDOWS\System32\Wbem;C:\WINDOWS\System32\WindowsPowerShell\v1.0\;C:\WINDOWS\System32\OpenSSH\;C:\Program Files\MATLAB\R2020a\bin;C:\Program Files\Intel\WiFi\bin\;C:\Program Files\Common Files\Intel\WirelessCommon\;%USERPROFILE%\AppData\Local\Microsoft\WindowsApps;
USERNAME=johannes.huber
OS=Windows_NT
PROCESSOR_IDENTIFIER=Intel64 Family 6 Model 58 Stepping 9, GenuineIntel



---------------  S Y S T E M  ---------------

OS: Windows 10 , 64 bit Build 18362 (10.0.18362.1082)

CPU:total 4 (initial active 4) (2 cores per cpu, 2 threads per core) family 6 model 58 stepping 9, cmov, cx8, fxsr, mmx, sse, sse2, sse3, ssse3, sse4.1, sse4.2, popcnt, avx, aes, clmul, erms, ht, tsc, tscinvbit, tscinv

Memory: 4k page, system-wide physical 7871M (2042M free)
TotalPageFile size 8411M (AvailPageFile size 10M)
current process WorkingSet (physical memory assigned to process): 9M, peak: 9M
current process commit charge ("private bytes"): 51M, peak: 175M

vm_info: OpenJDK 64-Bit Server VM (11.0.2+9) for windows-amd64 JRE (11.0.2+9), built on Jan 18 2019 05:23:22 by "mach5one" with MS VC++ 15.5 (VS2017)

END.
